2025-05-19 16:11:04.853 [info] [main] Log level: Info
2025-05-19 16:11:04.853 [info] [main] Validating found git in: "git"
2025-05-19 16:11:04.853 [info] [main] Using git "2.49.0" from "git"
2025-05-19 16:11:04.853 [info] [Model][doInitialScan] Initial repository scan started
2025-05-19 16:11:04.853 [info] [Model][doInitialScan] Initial repository scan completed - repositories (0), closed repositories (0), parent repositories (0), unsafe repositories (0)
2025-05-19 16:19:06.962 [info] [main] Log level: Info
2025-05-19 16:19:06.962 [info] [main] Validating found git in: "git"
2025-05-19 16:19:06.962 [info] [main] Using git "2.49.0" from "git"
2025-05-19 16:19:06.962 [info] [Model][doInitialScan] Initial repository scan started
2025-05-19 16:19:06.962 [info] > git rev-parse --show-toplevel [51ms]
2025-05-19 16:19:06.962 [info] fatal: not a git repository (or any parent up to mount point /)
Stopping at filesystem boundary (GIT_DISCOVERY_ACROSS_FILESYSTEM not set).
2025-05-19 16:19:06.962 [info] [Model][doInitialScan] Initial repository scan completed - repositories (0), closed repositories (0), parent repositories (0), unsafe repositories (0)
2025-05-19 16:19:06.963 [info] > git rev-parse --show-toplevel [95ms]
2025-05-19 16:19:06.963 [info] fatal: not a git repository (or any parent up to mount point /)
Stopping at filesystem boundary (GIT_DISCOVERY_ACROSS_FILESYSTEM not set).
2025-05-19 16:20:35.895 [info] > git rev-parse --show-toplevel [1ms]
2025-05-19 16:20:35.895 [info] fatal: not a git repository (or any parent up to mount point /)
Stopping at filesystem boundary (GIT_DISCOVERY_ACROSS_FILESYSTEM not set).
2025-05-19 16:20:44.583 [info] > git rev-parse --show-toplevel [3ms]
2025-05-19 16:20:44.583 [info] fatal: not a git repository (or any parent up to mount point /)
Stopping at filesystem boundary (GIT_DISCOVERY_ACROSS_FILESYSTEM not set).
2025-05-19 16:20:46.851 [info] [main] Log level: Info
2025-05-19 16:20:46.851 [info] [main] Validating found git in: "git"
2025-05-19 16:20:46.851 [info] [main] Using git "2.49.0" from "git"
2025-05-19 16:20:46.851 [info] [Model][doInitialScan] Initial repository scan started
2025-05-19 16:20:46.851 [info] > git rev-parse --show-toplevel [7ms]
2025-05-19 16:20:46.851 [info] fatal: not a git repository (or any parent up to mount point /)
Stopping at filesystem boundary (GIT_DISCOVERY_ACROSS_FILESYSTEM not set).
2025-05-19 16:20:46.851 [info] [Model][doInitialScan] Initial repository scan completed - repositories (0), closed repositories (0), parent repositories (0), unsafe repositories (0)
2025-05-19 16:20:46.851 [info] > git rev-parse --show-toplevel [177ms]
2025-05-19 16:20:46.851 [info] fatal: not a git repository (or any parent up to mount point /)
Stopping at filesystem boundary (GIT_DISCOVERY_ACROSS_FILESYSTEM not set).
2025-05-19 16:20:46.853 [info] > git rev-parse --show-toplevel [27ms]
2025-05-19 16:20:46.853 [info] fatal: not a git repository (or any parent up to mount point /)
Stopping at filesystem boundary (GIT_DISCOVERY_ACROSS_FILESYSTEM not set).
2025-05-19 16:20:46.952 [info] > git rev-parse --show-toplevel [3ms]
2025-05-19 16:20:46.952 [info] fatal: not a git repository (or any parent up to mount point /)
Stopping at filesystem boundary (GIT_DISCOVERY_ACROSS_FILESYSTEM not set).
2025-05-19 16:20:47.761 [info] > git rev-parse --show-toplevel [1ms]
2025-05-19 16:20:47.761 [info] fatal: not a git repository (or any parent up to mount point /)
Stopping at filesystem boundary (GIT_DISCOVERY_ACROSS_FILESYSTEM not set).
2025-05-19 16:21:11.562 [info] > git rev-parse --show-toplevel [3ms]
2025-05-19 16:21:11.562 [info] fatal: not a git repository (or any parent up to mount point /)
Stopping at filesystem boundary (GIT_DISCOVERY_ACROSS_FILESYSTEM not set).
2025-05-19 16:27:31.245 [info] > git rev-parse --show-toplevel [1ms]
2025-05-19 16:27:31.245 [info] fatal: not a git repository (or any parent up to mount point /)
Stopping at filesystem boundary (GIT_DISCOVERY_ACROSS_FILESYSTEM not set).
