2025-05-19 20:58:59.588 [info] Reading sessions from keychain...
2025-05-19 20:58:59.588 [info] Getting sessions for all scopes...
2025-05-19 20:58:59.588 [info] Getting sessions for all scopes...
2025-05-19 20:58:59.588 [info] Getting sessions for all scopes...
2025-05-19 20:58:59.588 [info] Getting sessions for all scopes...
2025-05-19 20:58:59.588 [info] Getting sessions for all scopes...
2025-05-19 20:58:59.588 [info] Getting sessions for all scopes...
2025-05-19 20:58:59.588 [info] Getting sessions for all scopes...
2025-05-19 20:58:59.588 [info] Getting sessions for all scopes...
2025-05-19 20:58:59.588 [info] Got stored sessions!
2025-05-19 20:58:59.588 [info] Got 1 verified sessions.
2025-05-19 20:58:59.588 [info] Got 1 sessions for ...
2025-05-19 20:58:59.588 [info] Got 1 sessions for ...
2025-05-19 20:58:59.588 [info] Got 1 sessions for ...
2025-05-19 20:58:59.588 [info] Got 1 sessions for ...
2025-05-19 20:58:59.588 [info] Got 1 sessions for ...
2025-05-19 20:58:59.588 [info] Got 1 sessions for ...
2025-05-19 20:58:59.588 [info] Got 1 sessions for ...
2025-05-19 20:58:59.588 [info] Got 1 sessions for ...
2025-05-19 20:58:59.588 [info] Getting sessions for user:email...
2025-05-19 20:58:59.588 [info] Got 1 sessions for user:email...
2025-05-19 20:58:59.589 [info] Getting sessions for all scopes...
2025-05-19 20:58:59.589 [info] Got 1 sessions for ...
2025-05-19 20:58:59.589 [info] Getting sessions for all scopes...
2025-05-19 20:58:59.589 [info] Got 1 sessions for ...
2025-05-19 20:58:59.589 [info] Getting sessions for all scopes...
2025-05-19 20:58:59.589 [info] Got 1 sessions for ...
2025-05-19 20:58:59.589 [info] Getting sessions for all scopes...
2025-05-19 20:58:59.589 [info] Got 1 sessions for ...
2025-05-19 20:58:59.589 [info] Getting sessions for all scopes...
2025-05-19 20:58:59.589 [info] Got 1 sessions for ...
2025-05-19 20:58:59.589 [info] Getting sessions for all scopes...
2025-05-19 20:58:59.589 [info] Got 1 sessions for ...
2025-05-19 20:58:59.644 [info] Getting sessions for all scopes...
2025-05-19 20:58:59.644 [info] Got 1 sessions for ...
2025-05-19 20:59:00.571 [info] Getting sessions for read:user,repo,user:email...
2025-05-19 20:59:00.571 [info] Got 0 sessions for read:user,repo,user:email...
2025-05-19 20:59:00.571 [info] Getting sessions for all scopes...
2025-05-19 20:59:00.571 [info] Got 1 sessions for ...
2025-05-19 20:59:00.571 [info] Getting sessions for all scopes...
2025-05-19 20:59:00.571 [info] Got 1 sessions for ...
2025-05-19 20:59:00.578 [info] Getting sessions for all scopes...
2025-05-19 20:59:00.578 [info] Got 1 sessions for ...
2025-05-19 20:59:00.657 [info] Getting sessions for all scopes...
2025-05-19 20:59:00.657 [info] Got 1 sessions for ...
2025-05-19 20:59:00.657 [info] Getting sessions for read:user,repo,user:email,workflow...
2025-05-19 20:59:00.657 [info] Got 0 sessions for read:user,repo,user:email,workflow...
2025-05-19 20:59:00.659 [info] Getting sessions for read:user,repo,user:email,workflow...
2025-05-19 20:59:00.659 [info] Got 0 sessions for read:user,repo,user:email,workflow...
2025-05-19 20:59:00.660 [info] Getting sessions for read:user...
2025-05-19 20:59:00.660 [info] Got 0 sessions for read:user...
2025-05-19 20:59:00.661 [info] Getting sessions for user:email...
2025-05-19 20:59:00.661 [info] Got 1 sessions for user:email...
2025-05-19 20:59:00.661 [info] Getting sessions for read:user,repo,user:email,workflow...
2025-05-19 20:59:00.661 [info] Got 0 sessions for read:user,repo,user:email,workflow...
2025-05-19 20:59:00.855 [info] Getting sessions for user:email...
2025-05-19 20:59:00.855 [info] Got 1 sessions for user:email...
2025-05-19 20:59:00.857 [info] Getting sessions for all scopes...
2025-05-19 20:59:00.857 [info] Got 1 sessions for ...
2025-05-19 20:59:00.859 [info] Getting sessions for read:user,repo,user:email,workflow...
2025-05-19 20:59:00.859 [info] Got 0 sessions for read:user,repo,user:email,workflow...
2025-05-19 20:59:00.929 [info] Getting sessions for user:email...
2025-05-19 20:59:00.929 [info] Got 1 sessions for user:email...
2025-05-19 20:59:00.930 [info] Getting sessions for all scopes...
2025-05-19 20:59:00.930 [info] Got 1 sessions for ...
2025-05-19 20:59:00.931 [info] Getting sessions for read:user,repo,user:email,workflow...
2025-05-19 20:59:00.931 [info] Got 0 sessions for read:user,repo,user:email,workflow...
2025-05-19 20:59:00.939 [info] Getting sessions for user:email...
2025-05-19 20:59:00.939 [info] Got 1 sessions for user:email...
2025-05-19 20:59:01.006 [info] Getting sessions for all scopes...
2025-05-19 20:59:01.006 [info] Got 1 sessions for ...
2025-05-19 20:59:01.023 [info] Getting sessions for read:user,repo,user:email,workflow...
2025-05-19 20:59:01.023 [info] Got 0 sessions for read:user,repo,user:email,workflow...
2025-05-19 20:59:01.023 [info] Getting sessions for user:email...
2025-05-19 20:59:01.023 [info] Got 1 sessions for user:email...
2025-05-19 20:59:01.396 [info] Getting sessions for all scopes...
2025-05-19 20:59:01.396 [info] Got 1 sessions for ...
2025-05-19 20:59:02.052 [info] Getting sessions for all scopes...
2025-05-19 20:59:02.052 [info] Got 1 sessions for ...
2025-05-19 20:59:02.053 [info] Getting sessions for all scopes...
2025-05-19 20:59:02.053 [info] Got 1 sessions for ...
2025-05-19 20:59:02.054 [info] Getting sessions for read:user,repo,user:email,workflow...
2025-05-19 20:59:02.054 [info] Got 0 sessions for read:user,repo,user:email,workflow...
2025-05-19 20:59:02.054 [info] Getting sessions for user:email...
2025-05-19 20:59:02.054 [info] Got 1 sessions for user:email...
2025-05-19 20:59:02.054 [info] Getting sessions for read:user,repo,user:email,workflow...
2025-05-19 20:59:02.054 [info] Got 0 sessions for read:user,repo,user:email,workflow...
2025-05-19 20:59:02.056 [info] Getting sessions for all scopes...
2025-05-19 20:59:02.056 [info] Got 1 sessions for ...
2025-05-19 20:59:02.057 [info] Getting sessions for read:user,repo,user:email,workflow...
2025-05-19 20:59:02.057 [info] Got 0 sessions for read:user,repo,user:email,workflow...
2025-05-19 20:59:02.057 [info] Getting sessions for user:email...
2025-05-19 20:59:02.057 [info] Got 1 sessions for user:email...
2025-05-19 20:59:02.081 [info] Getting sessions for all scopes...
2025-05-19 20:59:02.081 [info] Got 1 sessions for ...
2025-05-19 20:59:02.081 [info] Getting sessions for all scopes...
2025-05-19 20:59:02.081 [info] Got 1 sessions for ...
2025-05-19 20:59:02.081 [info] Getting sessions for read:user,repo,user:email,workflow...
2025-05-19 20:59:02.081 [info] Got 0 sessions for read:user,repo,user:email,workflow...
2025-05-19 20:59:02.082 [info] Getting sessions for user:email...
2025-05-19 20:59:02.082 [info] Got 1 sessions for user:email...
2025-05-19 20:59:02.082 [info] Getting sessions for read:user,repo,user:email,workflow...
2025-05-19 20:59:02.082 [info] Got 0 sessions for read:user,repo,user:email,workflow...
2025-05-19 20:59:02.084 [info] Getting sessions for all scopes...
2025-05-19 20:59:02.084 [info] Got 1 sessions for ...
2025-05-19 20:59:02.085 [info] Getting sessions for all scopes...
2025-05-19 20:59:02.085 [info] Got 1 sessions for ...
2025-05-19 20:59:02.085 [info] Getting sessions for all scopes...
2025-05-19 20:59:02.085 [info] Got 1 sessions for ...
2025-05-19 20:59:02.086 [info] Getting sessions for read:user,repo,user:email,workflow...
2025-05-19 20:59:02.086 [info] Got 0 sessions for read:user,repo,user:email,workflow...
2025-05-19 20:59:02.087 [info] Getting sessions for user:email...
2025-05-19 20:59:02.087 [info] Got 1 sessions for user:email...
2025-05-19 20:59:02.815 [info] Getting sessions for all scopes...
2025-05-19 20:59:02.815 [info] Got 1 sessions for ...
2025-05-19 20:59:02.815 [info] Getting sessions for read:user,repo,user:email,workflow...
2025-05-19 20:59:02.815 [info] Got 0 sessions for read:user,repo,user:email,workflow...
2025-05-19 20:59:02.816 [info] Getting sessions for user:email...
2025-05-19 20:59:02.816 [info] Got 1 sessions for user:email...
2025-05-19 21:14:02.819 [info] Getting sessions for all scopes...
2025-05-19 21:14:02.819 [info] Got 1 sessions for ...
2025-05-19 21:14:02.820 [info] Getting sessions for read:user,repo,user:email,workflow...
2025-05-19 21:14:02.820 [info] Got 0 sessions for read:user,repo,user:email,workflow...
2025-05-19 21:14:02.820 [info] Getting sessions for user:email...
2025-05-19 21:14:02.820 [info] Got 1 sessions for user:email...
