2025-05-19 16:11:04.810 [info] Reading sessions from keychain...
2025-05-19 16:11:04.810 [info] Getting sessions for all scopes...
2025-05-19 16:11:04.810 [info] Getting sessions for all scopes...
2025-05-19 16:11:04.810 [info] Getting sessions for all scopes...
2025-05-19 16:11:04.810 [info] Getting sessions for all scopes...
2025-05-19 16:11:04.810 [info] Getting sessions for all scopes...
2025-05-19 16:11:04.810 [info] Getting sessions for all scopes...
2025-05-19 16:11:04.810 [info] Getting sessions for all scopes...
2025-05-19 16:11:04.810 [info] Getting sessions for all scopes...
2025-05-19 16:11:04.810 [info] Getting sessions for all scopes...
2025-05-19 16:11:04.810 [info] Got 0 sessions for ...
2025-05-19 16:11:04.810 [info] Got 0 sessions for ...
2025-05-19 16:11:04.810 [info] Got 0 sessions for ...
2025-05-19 16:11:04.810 [info] Got 0 sessions for ...
2025-05-19 16:11:04.810 [info] Got 0 sessions for ...
2025-05-19 16:11:04.810 [info] Got 0 sessions for ...
2025-05-19 16:11:04.810 [info] Got 0 sessions for ...
2025-05-19 16:11:04.810 [info] Got 0 sessions for ...
2025-05-19 16:11:04.810 [info] Got 0 sessions for ...
2025-05-19 16:11:04.810 [info] Getting sessions for all scopes...
2025-05-19 16:11:04.810 [info] Got 0 sessions for ...
2025-05-19 16:11:04.810 [info] Getting sessions for all scopes...
2025-05-19 16:11:04.810 [info] Got 0 sessions for ...
2025-05-19 16:11:04.810 [info] Getting sessions for all scopes...
2025-05-19 16:11:04.810 [info] Got 0 sessions for ...
2025-05-19 16:11:04.810 [info] Getting sessions for all scopes...
2025-05-19 16:11:04.810 [info] Got 0 sessions for ...
2025-05-19 16:11:04.810 [info] Getting sessions for all scopes...
2025-05-19 16:11:04.810 [info] Got 0 sessions for ...
2025-05-19 16:11:04.810 [info] Getting sessions for all scopes...
2025-05-19 16:11:04.810 [info] Got 0 sessions for ...
2025-05-19 16:11:05.419 [info] Getting sessions for all scopes...
2025-05-19 16:11:05.419 [info] Got 0 sessions for ...
2025-05-19 16:11:10.438 [info] Logging in with 'any' account...
2025-05-19 16:11:10.438 [info] Logging in for the following scopes: user:email
2025-05-19 16:11:10.456 [info] Trying without local server... (user:email)
2025-05-19 16:11:16.001 [info] Exchanging code for token...
2025-05-19 16:11:16.449 [info] Token exchange success!
2025-05-19 16:11:16.450 [info] Getting user info...
2025-05-19 16:11:16.938 [info] Got account info!
2025-05-19 16:11:16.939 [info] Storing 1 sessions...
2025-05-19 16:11:16.942 [info] Reading sessions from keychain...
2025-05-19 16:11:16.942 [info] Stored 1 sessions!
2025-05-19 16:11:16.942 [info] Login success!
2025-05-19 16:11:16.942 [info] Getting sessions for all scopes...
2025-05-19 16:11:16.943 [info] Getting sessions for all scopes...
2025-05-19 16:11:16.943 [info] Got stored sessions!
2025-05-19 16:11:16.943 [info] Got 1 verified sessions.
2025-05-19 16:11:16.943 [info] Got 1 sessions for ...
2025-05-19 16:11:16.943 [info] Got 1 sessions for ...
2025-05-19 16:11:16.944 [info] Getting sessions for all scopes...
2025-05-19 16:11:16.944 [info] Got 1 sessions for ...
2025-05-19 16:11:24.840 [info] Getting sessions for all scopes...
2025-05-19 16:11:24.840 [info] Got 1 sessions for ...
2025-05-19 16:11:24.853 [info] Getting sessions for all scopes...
2025-05-19 16:11:24.853 [info] Got 1 sessions for ...
2025-05-19 16:11:24.927 [info] Getting sessions for all scopes...
2025-05-19 16:11:24.927 [info] Got 1 sessions for ...
2025-05-19 16:11:24.928 [info] Getting sessions for all scopes...
2025-05-19 16:11:24.928 [info] Got 1 sessions for ...
2025-05-19 16:11:24.928 [info] Getting sessions for read:user,repo,user:email,workflow...
2025-05-19 16:11:24.928 [info] Got 0 sessions for read:user,repo,user:email,workflow...
2025-05-19 16:11:24.929 [info] Getting sessions for read:user,repo,user:email,workflow...
2025-05-19 16:11:24.929 [info] Got 0 sessions for read:user,repo,user:email,workflow...
2025-05-19 16:11:25.116 [info] Getting sessions for read:user...
2025-05-19 16:11:25.116 [info] Got 0 sessions for read:user...
2025-05-19 16:11:25.116 [info] Getting sessions for user:email...
2025-05-19 16:11:25.116 [info] Got 1 sessions for user:email...
2025-05-19 16:11:25.116 [info] Getting sessions for read:user,repo,user:email,workflow...
2025-05-19 16:11:25.116 [info] Got 0 sessions for read:user,repo,user:email,workflow...
2025-05-19 16:11:25.117 [info] Getting sessions for user:email...
2025-05-19 16:11:25.117 [info] Got 1 sessions for user:email...
2025-05-19 16:11:25.117 [info] Getting sessions for all scopes...
2025-05-19 16:11:25.117 [info] Got 1 sessions for ...
2025-05-19 16:11:25.119 [info] Getting sessions for read:user,repo,user:email,workflow...
2025-05-19 16:11:25.119 [info] Got 0 sessions for read:user,repo,user:email,workflow...
2025-05-19 16:11:25.121 [info] Getting sessions for user:email...
2025-05-19 16:11:25.121 [info] Got 1 sessions for user:email...
2025-05-19 16:11:25.183 [info] Getting sessions for all scopes...
2025-05-19 16:11:25.183 [info] Got 1 sessions for ...
2025-05-19 16:11:25.184 [info] Getting sessions for read:user,repo,user:email,workflow...
2025-05-19 16:11:25.184 [info] Got 0 sessions for read:user,repo,user:email,workflow...
2025-05-19 16:11:25.184 [info] Getting sessions for user:email...
2025-05-19 16:11:25.185 [info] Got 1 sessions for user:email...
2025-05-19 16:11:25.233 [info] Getting sessions for all scopes...
2025-05-19 16:11:25.233 [info] Got 1 sessions for ...
2025-05-19 16:11:25.233 [info] Getting sessions for read:user,repo,user:email,workflow...
2025-05-19 16:11:25.233 [info] Got 0 sessions for read:user,repo,user:email,workflow...
2025-05-19 16:11:25.234 [info] Getting sessions for user:email...
2025-05-19 16:11:25.234 [info] Got 1 sessions for user:email...
2025-05-19 16:11:26.067 [info] Getting sessions for all scopes...
2025-05-19 16:11:26.067 [info] Got 1 sessions for ...
2025-05-19 16:11:26.067 [info] Getting sessions for all scopes...
2025-05-19 16:11:26.067 [info] Got 1 sessions for ...
2025-05-19 16:11:26.075 [info] Getting sessions for read:user,repo,user:email,workflow...
2025-05-19 16:11:26.075 [info] Got 0 sessions for read:user,repo,user:email,workflow...
2025-05-19 16:11:26.075 [info] Getting sessions for user:email...
2025-05-19 16:11:26.075 [info] Got 1 sessions for user:email...
2025-05-19 16:11:26.076 [info] Getting sessions for read:user,repo,user:email,workflow...
2025-05-19 16:11:26.076 [info] Got 0 sessions for read:user,repo,user:email,workflow...
2025-05-19 16:11:26.078 [info] Getting sessions for all scopes...
2025-05-19 16:11:26.078 [info] Got 1 sessions for ...
2025-05-19 16:11:26.078 [info] Getting sessions for read:user,repo,user:email,workflow...
2025-05-19 16:11:26.078 [info] Got 0 sessions for read:user,repo,user:email,workflow...
2025-05-19 16:11:26.078 [info] Getting sessions for user:email...
2025-05-19 16:11:26.078 [info] Got 1 sessions for user:email...
2025-05-19 16:11:26.129 [info] Getting sessions for all scopes...
2025-05-19 16:11:26.129 [info] Got 1 sessions for ...
2025-05-19 16:11:26.129 [info] Getting sessions for all scopes...
2025-05-19 16:11:26.129 [info] Got 1 sessions for ...
2025-05-19 16:11:26.134 [info] Getting sessions for read:user,repo,user:email,workflow...
2025-05-19 16:11:26.134 [info] Got 0 sessions for read:user,repo,user:email,workflow...
2025-05-19 16:11:26.135 [info] Getting sessions for user:email...
2025-05-19 16:11:26.135 [info] Got 1 sessions for user:email...
2025-05-19 16:11:26.135 [info] Getting sessions for read:user,repo,user:email,workflow...
2025-05-19 16:11:26.135 [info] Got 0 sessions for read:user,repo,user:email,workflow...
2025-05-19 16:11:26.137 [info] Getting sessions for all scopes...
2025-05-19 16:11:26.137 [info] Got 1 sessions for ...
2025-05-19 16:11:26.138 [info] Getting sessions for all scopes...
2025-05-19 16:11:26.138 [info] Got 1 sessions for ...
2025-05-19 16:11:26.138 [info] Getting sessions for all scopes...
2025-05-19 16:11:26.138 [info] Got 1 sessions for ...
2025-05-19 16:11:26.139 [info] Getting sessions for read:user,repo,user:email,workflow...
2025-05-19 16:11:26.139 [info] Got 0 sessions for read:user,repo,user:email,workflow...
2025-05-19 16:11:26.140 [info] Getting sessions for user:email...
2025-05-19 16:11:26.140 [info] Got 1 sessions for user:email...
2025-05-19 16:11:26.837 [info] Getting sessions for all scopes...
2025-05-19 16:11:26.837 [info] Got 1 sessions for ...
2025-05-19 16:11:26.837 [info] Getting sessions for read:user,repo,user:email,workflow...
2025-05-19 16:11:26.837 [info] Got 0 sessions for read:user,repo,user:email,workflow...
2025-05-19 16:11:26.838 [info] Getting sessions for user:email...
2025-05-19 16:11:26.838 [info] Got 1 sessions for user:email...
2025-05-19 16:11:41.099 [info] Getting sessions for all scopes...
2025-05-19 16:11:41.099 [info] Got 1 sessions for ...
2025-05-19 16:11:41.100 [info] Getting sessions for read:user,repo,user:email,workflow...
2025-05-19 16:11:41.100 [info] Got 0 sessions for read:user,repo,user:email,workflow...
2025-05-19 16:11:41.101 [info] Getting sessions for user:email...
2025-05-19 16:11:41.101 [info] Got 1 sessions for user:email...
2025-05-19 16:11:41.736 [info] Getting sessions for all scopes...
2025-05-19 16:11:41.736 [info] Got 1 sessions for ...
2025-05-19 16:11:41.758 [info] Getting sessions for read:user,repo,user:email,workflow...
2025-05-19 16:11:41.758 [info] Got 0 sessions for read:user,repo,user:email,workflow...
2025-05-19 16:11:41.760 [info] Getting sessions for user:email...
2025-05-19 16:11:41.760 [info] Got 1 sessions for user:email...
2025-05-19 16:11:41.763 [info] Getting sessions for all scopes...
2025-05-19 16:11:41.763 [info] Got 1 sessions for ...
2025-05-19 16:11:41.764 [info] Getting sessions for read:user,repo,user:email,workflow...
2025-05-19 16:11:41.764 [info] Got 0 sessions for read:user,repo,user:email,workflow...
2025-05-19 16:11:41.764 [info] Getting sessions for user:email...
2025-05-19 16:11:41.764 [info] Got 1 sessions for user:email...
2025-05-19 16:11:42.420 [info] Getting sessions for all scopes...
2025-05-19 16:11:42.420 [info] Got 1 sessions for ...
2025-05-19 16:11:42.421 [info] Getting sessions for read:user,repo,user:email,workflow...
2025-05-19 16:11:42.421 [info] Got 0 sessions for read:user,repo,user:email,workflow...
2025-05-19 16:11:42.422 [info] Getting sessions for user:email...
2025-05-19 16:11:42.422 [info] Got 1 sessions for user:email...
2025-05-19 16:11:42.432 [info] Getting sessions for all scopes...
2025-05-19 16:11:42.432 [info] Got 1 sessions for ...
2025-05-19 16:11:42.433 [info] Getting sessions for read:user,repo,user:email,workflow...
2025-05-19 16:11:42.434 [info] Got 0 sessions for read:user,repo,user:email,workflow...
2025-05-19 16:11:42.434 [info] Getting sessions for user:email...
2025-05-19 16:11:42.434 [info] Got 1 sessions for user:email...
2025-05-19 16:11:42.785 [info] Getting sessions for all scopes...
2025-05-19 16:11:42.785 [info] Got 1 sessions for ...
2025-05-19 16:11:42.786 [info] Getting sessions for read:user,repo,user:email,workflow...
2025-05-19 16:11:42.786 [info] Got 0 sessions for read:user,repo,user:email,workflow...
2025-05-19 16:11:42.786 [info] Getting sessions for user:email...
2025-05-19 16:11:42.786 [info] Got 1 sessions for user:email...
2025-05-19 16:11:47.068 [info] Getting sessions for all scopes...
2025-05-19 16:11:47.068 [info] Got 1 sessions for ...
2025-05-19 16:11:47.069 [info] Getting sessions for read:user,repo,user:email,workflow...
2025-05-19 16:11:47.069 [info] Got 0 sessions for read:user,repo,user:email,workflow...
2025-05-19 16:11:47.069 [info] Getting sessions for user:email...
2025-05-19 16:11:47.069 [info] Got 1 sessions for user:email...
2025-05-19 16:11:47.749 [info] Getting sessions for all scopes...
2025-05-19 16:11:47.749 [info] Got 1 sessions for ...
2025-05-19 16:11:47.750 [info] Getting sessions for read:user,repo,user:email,workflow...
2025-05-19 16:11:47.750 [info] Got 0 sessions for read:user,repo,user:email,workflow...
2025-05-19 16:11:47.751 [info] Getting sessions for user:email...
2025-05-19 16:11:47.751 [info] Got 1 sessions for user:email...
2025-05-19 16:11:49.183 [info] Getting sessions for all scopes...
2025-05-19 16:11:49.183 [info] Got 1 sessions for ...
2025-05-19 16:11:49.183 [info] Getting sessions for read:user,repo,user:email,workflow...
2025-05-19 16:11:49.184 [info] Got 0 sessions for read:user,repo,user:email,workflow...
2025-05-19 16:11:49.184 [info] Getting sessions for user:email...
2025-05-19 16:11:49.184 [info] Got 1 sessions for user:email...
2025-05-19 16:17:33.457 [info] Getting sessions for all scopes...
2025-05-19 16:17:33.457 [info] Got 1 sessions for ...
2025-05-19 16:17:33.458 [info] Getting sessions for read:user,repo,user:email,workflow...
2025-05-19 16:17:33.458 [info] Got 0 sessions for read:user,repo,user:email,workflow...
2025-05-19 16:17:33.459 [info] Getting sessions for user:email...
2025-05-19 16:17:33.459 [info] Got 1 sessions for user:email...
2025-05-19 16:17:34.258 [info] Getting sessions for all scopes...
2025-05-19 16:17:34.258 [info] Got 1 sessions for ...
2025-05-19 16:17:34.259 [info] Getting sessions for read:user,repo,user:email,workflow...
2025-05-19 16:17:34.259 [info] Got 0 sessions for read:user,repo,user:email,workflow...
2025-05-19 16:17:34.259 [info] Getting sessions for user:email...
2025-05-19 16:17:34.259 [info] Got 1 sessions for user:email...
2025-05-19 16:17:38.125 [info] Getting sessions for all scopes...
2025-05-19 16:17:38.125 [info] Got 1 sessions for ...
2025-05-19 16:17:38.126 [info] Getting sessions for read:user,repo,user:email,workflow...
2025-05-19 16:17:38.126 [info] Got 0 sessions for read:user,repo,user:email,workflow...
2025-05-19 16:17:38.127 [info] Getting sessions for user:email...
2025-05-19 16:17:38.127 [info] Got 1 sessions for user:email...
2025-05-19 16:18:34.326 [info] Getting sessions for read:user,repo,user:email...
2025-05-19 16:18:34.326 [info] Got 0 sessions for read:user,repo,user:email...
2025-05-19 16:18:34.344 [info] Getting sessions for read:user,repo,user:email...
2025-05-19 16:18:34.344 [info] Got 0 sessions for read:user,repo,user:email...
2025-05-19 16:19:03.948 [info] Reading sessions from keychain...
2025-05-19 16:19:03.948 [info] Getting sessions for all scopes...
2025-05-19 16:19:03.948 [info] Getting sessions for all scopes...
2025-05-19 16:19:03.953 [info] Getting sessions for all scopes...
2025-05-19 16:19:03.953 [info] Getting sessions for all scopes...
2025-05-19 16:19:03.953 [info] Getting sessions for all scopes...
2025-05-19 16:19:03.953 [info] Getting sessions for all scopes...
2025-05-19 16:19:03.953 [info] Getting sessions for all scopes...
2025-05-19 16:19:03.957 [info] Got stored sessions!
2025-05-19 16:19:03.957 [info] Got 1 verified sessions.
2025-05-19 16:19:03.957 [info] Got 1 sessions for ...
2025-05-19 16:19:03.957 [info] Got 1 sessions for ...
2025-05-19 16:19:03.957 [info] Got 1 sessions for ...
2025-05-19 16:19:03.957 [info] Got 1 sessions for ...
2025-05-19 16:19:03.957 [info] Got 1 sessions for ...
2025-05-19 16:19:03.957 [info] Got 1 sessions for ...
2025-05-19 16:19:03.957 [info] Got 1 sessions for ...
2025-05-19 16:19:03.974 [info] Getting sessions for all scopes...
2025-05-19 16:19:03.974 [info] Got 1 sessions for ...
2025-05-19 16:19:03.976 [info] Getting sessions for all scopes...
2025-05-19 16:19:03.976 [info] Got 1 sessions for ...
2025-05-19 16:19:03.976 [info] Getting sessions for all scopes...
2025-05-19 16:19:03.976 [info] Got 1 sessions for ...
2025-05-19 16:19:03.976 [info] Getting sessions for all scopes...
2025-05-19 16:19:03.976 [info] Got 1 sessions for ...
2025-05-19 16:19:03.976 [info] Getting sessions for all scopes...
2025-05-19 16:19:03.976 [info] Got 1 sessions for ...
2025-05-19 16:19:03.976 [info] Getting sessions for all scopes...
2025-05-19 16:19:03.976 [info] Got 1 sessions for ...
2025-05-19 16:19:04.111 [info] Getting sessions for all scopes...
2025-05-19 16:19:04.112 [info] Got 1 sessions for ...
2025-05-19 16:19:04.249 [info] Getting sessions for read:user,repo,user:email...
2025-05-19 16:19:04.249 [info] Got 0 sessions for read:user,repo,user:email...
2025-05-19 16:19:04.291 [info] Getting sessions for all scopes...
2025-05-19 16:19:04.291 [info] Got 1 sessions for ...
2025-05-19 16:19:06.738 [info] Getting sessions for all scopes...
2025-05-19 16:19:06.738 [info] Got 1 sessions for ...
2025-05-19 16:19:06.855 [info] Getting sessions for all scopes...
2025-05-19 16:19:06.855 [info] Got 1 sessions for ...
2025-05-19 16:19:06.855 [info] Getting sessions for all scopes...
2025-05-19 16:19:06.855 [info] Got 1 sessions for ...
2025-05-19 16:19:06.869 [info] Getting sessions for all scopes...
2025-05-19 16:19:06.869 [info] Got 1 sessions for ...
2025-05-19 16:19:06.963 [info] Getting sessions for all scopes...
2025-05-19 16:19:06.963 [info] Got 1 sessions for ...
2025-05-19 16:19:06.966 [info] Getting sessions for read:user,repo,user:email,workflow...
2025-05-19 16:19:06.966 [info] Got 0 sessions for read:user,repo,user:email,workflow...
2025-05-19 16:19:06.967 [info] Getting sessions for read:user,repo,user:email,workflow...
2025-05-19 16:19:06.967 [info] Got 0 sessions for read:user,repo,user:email,workflow...
2025-05-19 16:19:06.967 [info] Getting sessions for read:user...
2025-05-19 16:19:06.967 [info] Got 0 sessions for read:user...
2025-05-19 16:19:06.967 [info] Getting sessions for user:email...
2025-05-19 16:19:06.967 [info] Got 1 sessions for user:email...
2025-05-19 16:19:06.968 [info] Getting sessions for read:user,repo,user:email,workflow...
2025-05-19 16:19:06.968 [info] Got 0 sessions for read:user,repo,user:email,workflow...
2025-05-19 16:19:07.196 [info] Getting sessions for user:email...
2025-05-19 16:19:07.196 [info] Got 1 sessions for user:email...
2025-05-19 16:19:07.198 [info] Getting sessions for all scopes...
2025-05-19 16:19:07.198 [info] Got 1 sessions for ...
2025-05-19 16:19:07.200 [info] Getting sessions for read:user,repo,user:email,workflow...
2025-05-19 16:19:07.200 [info] Got 0 sessions for read:user,repo,user:email,workflow...
2025-05-19 16:19:07.273 [info] Getting sessions for user:email...
2025-05-19 16:19:07.273 [info] Got 1 sessions for user:email...
2025-05-19 16:19:07.275 [info] Getting sessions for all scopes...
2025-05-19 16:19:07.275 [info] Got 1 sessions for ...
2025-05-19 16:19:07.275 [info] Getting sessions for read:user,repo,user:email,workflow...
2025-05-19 16:19:07.275 [info] Got 0 sessions for read:user,repo,user:email,workflow...
2025-05-19 16:19:07.276 [info] Getting sessions for user:email...
2025-05-19 16:19:07.276 [info] Got 1 sessions for user:email...
2025-05-19 16:19:07.387 [info] Getting sessions for all scopes...
2025-05-19 16:19:07.387 [info] Got 1 sessions for ...
2025-05-19 16:19:07.405 [info] Getting sessions for read:user,repo,user:email,workflow...
2025-05-19 16:19:07.405 [info] Got 0 sessions for read:user,repo,user:email,workflow...
2025-05-19 16:19:07.405 [info] Getting sessions for user:email...
2025-05-19 16:19:07.405 [info] Got 1 sessions for user:email...
2025-05-19 16:19:08.133 [info] Getting sessions for all scopes...
2025-05-19 16:19:08.133 [info] Got 1 sessions for ...
2025-05-19 16:19:08.133 [info] Getting sessions for all scopes...
2025-05-19 16:19:08.133 [info] Got 1 sessions for ...
2025-05-19 16:19:08.140 [info] Getting sessions for read:user,repo,user:email,workflow...
2025-05-19 16:19:08.140 [info] Got 0 sessions for read:user,repo,user:email,workflow...
2025-05-19 16:19:08.140 [info] Getting sessions for user:email...
2025-05-19 16:19:08.140 [info] Got 1 sessions for user:email...
2025-05-19 16:19:08.140 [info] Getting sessions for read:user,repo,user:email,workflow...
2025-05-19 16:19:08.140 [info] Got 0 sessions for read:user,repo,user:email,workflow...
2025-05-19 16:19:08.143 [info] Getting sessions for all scopes...
2025-05-19 16:19:08.143 [info] Got 1 sessions for ...
2025-05-19 16:19:08.144 [info] Getting sessions for read:user,repo,user:email,workflow...
2025-05-19 16:19:08.144 [info] Got 0 sessions for read:user,repo,user:email,workflow...
2025-05-19 16:19:08.145 [info] Getting sessions for user:email...
2025-05-19 16:19:08.145 [info] Got 1 sessions for user:email...
2025-05-19 16:19:08.175 [info] Getting sessions for all scopes...
2025-05-19 16:19:08.175 [info] Got 1 sessions for ...
2025-05-19 16:19:08.175 [info] Getting sessions for all scopes...
2025-05-19 16:19:08.175 [info] Got 1 sessions for ...
2025-05-19 16:19:08.176 [info] Getting sessions for read:user,repo,user:email,workflow...
2025-05-19 16:19:08.176 [info] Got 0 sessions for read:user,repo,user:email,workflow...
2025-05-19 16:19:08.176 [info] Getting sessions for user:email...
2025-05-19 16:19:08.176 [info] Got 1 sessions for user:email...
2025-05-19 16:19:08.177 [info] Getting sessions for read:user,repo,user:email,workflow...
2025-05-19 16:19:08.177 [info] Got 0 sessions for read:user,repo,user:email,workflow...
2025-05-19 16:19:08.189 [info] Getting sessions for all scopes...
2025-05-19 16:19:08.189 [info] Got 1 sessions for ...
2025-05-19 16:19:08.189 [info] Getting sessions for all scopes...
2025-05-19 16:19:08.189 [info] Got 1 sessions for ...
2025-05-19 16:19:08.189 [info] Getting sessions for all scopes...
2025-05-19 16:19:08.189 [info] Got 1 sessions for ...
2025-05-19 16:19:08.190 [info] Getting sessions for read:user,repo,user:email,workflow...
2025-05-19 16:19:08.190 [info] Got 0 sessions for read:user,repo,user:email,workflow...
2025-05-19 16:19:08.191 [info] Getting sessions for user:email...
2025-05-19 16:19:08.191 [info] Got 1 sessions for user:email...
2025-05-19 16:19:08.582 [info] Getting sessions for all scopes...
2025-05-19 16:19:08.582 [info] Got 1 sessions for ...
2025-05-19 16:19:08.582 [info] Getting sessions for read:user,repo,user:email,workflow...
2025-05-19 16:19:08.582 [info] Got 0 sessions for read:user,repo,user:email,workflow...
2025-05-19 16:19:08.582 [info] Getting sessions for user:email...
2025-05-19 16:19:08.582 [info] Got 1 sessions for user:email...
2025-05-19 16:20:45.750 [info] Reading sessions from keychain...
2025-05-19 16:20:45.750 [info] Getting sessions for all scopes...
2025-05-19 16:20:45.750 [info] Getting sessions for all scopes...
2025-05-19 16:20:45.750 [info] Getting sessions for all scopes...
2025-05-19 16:20:45.750 [info] Getting sessions for all scopes...
2025-05-19 16:20:45.750 [info] Getting sessions for all scopes...
2025-05-19 16:20:45.750 [info] Getting sessions for all scopes...
2025-05-19 16:20:45.750 [info] Getting sessions for all scopes...
2025-05-19 16:20:45.792 [info] Got stored sessions!
2025-05-19 16:20:45.792 [info] Got 1 verified sessions.
2025-05-19 16:20:45.792 [info] Got 1 sessions for ...
2025-05-19 16:20:45.792 [info] Got 1 sessions for ...
2025-05-19 16:20:45.792 [info] Got 1 sessions for ...
2025-05-19 16:20:45.792 [info] Got 1 sessions for ...
2025-05-19 16:20:45.792 [info] Got 1 sessions for ...
2025-05-19 16:20:45.792 [info] Got 1 sessions for ...
2025-05-19 16:20:45.792 [info] Got 1 sessions for ...
2025-05-19 16:20:45.815 [info] Getting sessions for all scopes...
2025-05-19 16:20:45.815 [info] Got 1 sessions for ...
2025-05-19 16:20:45.823 [info] Getting sessions for all scopes...
2025-05-19 16:20:45.823 [info] Got 1 sessions for ...
2025-05-19 16:20:45.823 [info] Getting sessions for all scopes...
2025-05-19 16:20:45.823 [info] Got 1 sessions for ...
2025-05-19 16:20:45.823 [info] Getting sessions for all scopes...
2025-05-19 16:20:45.823 [info] Got 1 sessions for ...
2025-05-19 16:20:45.823 [info] Getting sessions for all scopes...
2025-05-19 16:20:45.823 [info] Got 1 sessions for ...
2025-05-19 16:20:45.824 [info] Getting sessions for all scopes...
2025-05-19 16:20:45.824 [info] Got 1 sessions for ...
2025-05-19 16:20:45.824 [info] Getting sessions for all scopes...
2025-05-19 16:20:45.824 [info] Got 1 sessions for ...
2025-05-19 16:20:46.700 [info] Getting sessions for all scopes...
2025-05-19 16:20:46.700 [info] Got 1 sessions for ...
2025-05-19 16:20:46.851 [info] Getting sessions for read:user,repo,user:email...
2025-05-19 16:20:46.851 [info] Got 0 sessions for read:user,repo,user:email...
2025-05-19 16:20:46.851 [info] Getting sessions for all scopes...
2025-05-19 16:20:46.851 [info] Got 1 sessions for ...
2025-05-19 16:20:46.851 [info] Getting sessions for all scopes...
2025-05-19 16:20:46.851 [info] Got 1 sessions for ...
2025-05-19 16:20:46.853 [info] Getting sessions for all scopes...
2025-05-19 16:20:46.853 [info] Got 1 sessions for ...
2025-05-19 16:20:46.950 [info] Getting sessions for all scopes...
2025-05-19 16:20:46.950 [info] Got 1 sessions for ...
2025-05-19 16:20:46.950 [info] Getting sessions for read:user,repo,user:email,workflow...
2025-05-19 16:20:46.950 [info] Got 0 sessions for read:user,repo,user:email,workflow...
2025-05-19 16:20:46.952 [info] Getting sessions for read:user,repo,user:email,workflow...
2025-05-19 16:20:46.952 [info] Got 0 sessions for read:user,repo,user:email,workflow...
2025-05-19 16:20:46.953 [info] Getting sessions for read:user...
2025-05-19 16:20:46.953 [info] Got 0 sessions for read:user...
2025-05-19 16:20:46.953 [info] Getting sessions for user:email...
2025-05-19 16:20:46.953 [info] Got 1 sessions for user:email...
2025-05-19 16:20:46.953 [info] Getting sessions for read:user,repo,user:email,workflow...
2025-05-19 16:20:46.953 [info] Got 0 sessions for read:user,repo,user:email,workflow...
2025-05-19 16:20:47.141 [info] Getting sessions for user:email...
2025-05-19 16:20:47.141 [info] Got 1 sessions for user:email...
2025-05-19 16:20:47.144 [info] Getting sessions for all scopes...
2025-05-19 16:20:47.144 [info] Got 1 sessions for ...
2025-05-19 16:20:47.146 [info] Getting sessions for read:user,repo,user:email,workflow...
2025-05-19 16:20:47.146 [info] Got 0 sessions for read:user,repo,user:email,workflow...
2025-05-19 16:20:47.217 [info] Getting sessions for user:email...
2025-05-19 16:20:47.217 [info] Got 1 sessions for user:email...
2025-05-19 16:20:47.218 [info] Getting sessions for all scopes...
2025-05-19 16:20:47.218 [info] Got 1 sessions for ...
2025-05-19 16:20:47.219 [info] Getting sessions for read:user,repo,user:email,workflow...
2025-05-19 16:20:47.219 [info] Got 0 sessions for read:user,repo,user:email,workflow...
2025-05-19 16:20:47.219 [info] Getting sessions for user:email...
2025-05-19 16:20:47.219 [info] Got 1 sessions for user:email...
2025-05-19 16:20:47.319 [info] Getting sessions for all scopes...
2025-05-19 16:20:47.319 [info] Got 1 sessions for ...
2025-05-19 16:20:47.324 [info] Getting sessions for read:user,repo,user:email,workflow...
2025-05-19 16:20:47.324 [info] Got 0 sessions for read:user,repo,user:email,workflow...
2025-05-19 16:20:47.324 [info] Getting sessions for user:email...
2025-05-19 16:20:47.324 [info] Got 1 sessions for user:email...
2025-05-19 16:20:47.840 [info] Getting sessions for all scopes...
2025-05-19 16:20:47.840 [info] Got 1 sessions for ...
2025-05-19 16:20:48.282 [info] Getting sessions for all scopes...
2025-05-19 16:20:48.282 [info] Got 1 sessions for ...
2025-05-19 16:20:48.290 [info] Getting sessions for all scopes...
2025-05-19 16:20:48.290 [info] Got 1 sessions for ...
2025-05-19 16:20:48.296 [info] Getting sessions for read:user,repo,user:email,workflow...
2025-05-19 16:20:48.296 [info] Got 0 sessions for read:user,repo,user:email,workflow...
2025-05-19 16:20:48.296 [info] Getting sessions for user:email...
2025-05-19 16:20:48.296 [info] Got 1 sessions for user:email...
2025-05-19 16:20:48.297 [info] Getting sessions for read:user,repo,user:email,workflow...
2025-05-19 16:20:48.297 [info] Got 0 sessions for read:user,repo,user:email,workflow...
2025-05-19 16:20:48.298 [info] Getting sessions for all scopes...
2025-05-19 16:20:48.298 [info] Got 1 sessions for ...
2025-05-19 16:20:48.298 [info] Getting sessions for read:user,repo,user:email,workflow...
2025-05-19 16:20:48.298 [info] Got 0 sessions for read:user,repo,user:email,workflow...
2025-05-19 16:20:48.299 [info] Getting sessions for user:email...
2025-05-19 16:20:48.299 [info] Got 1 sessions for user:email...
2025-05-19 16:20:48.324 [info] Getting sessions for all scopes...
2025-05-19 16:20:48.324 [info] Got 1 sessions for ...
2025-05-19 16:20:48.325 [info] Getting sessions for all scopes...
2025-05-19 16:20:48.325 [info] Got 1 sessions for ...
2025-05-19 16:20:48.325 [info] Getting sessions for read:user,repo,user:email,workflow...
2025-05-19 16:20:48.325 [info] Got 0 sessions for read:user,repo,user:email,workflow...
2025-05-19 16:20:48.326 [info] Getting sessions for user:email...
2025-05-19 16:20:48.326 [info] Got 1 sessions for user:email...
2025-05-19 16:20:48.326 [info] Getting sessions for read:user,repo,user:email,workflow...
2025-05-19 16:20:48.326 [info] Got 0 sessions for read:user,repo,user:email,workflow...
2025-05-19 16:20:48.328 [info] Getting sessions for all scopes...
2025-05-19 16:20:48.328 [info] Got 1 sessions for ...
2025-05-19 16:20:48.328 [info] Getting sessions for all scopes...
2025-05-19 16:20:48.328 [info] Got 1 sessions for ...
2025-05-19 16:20:48.328 [info] Getting sessions for all scopes...
2025-05-19 16:20:48.328 [info] Got 1 sessions for ...
2025-05-19 16:20:48.329 [info] Getting sessions for read:user,repo,user:email,workflow...
2025-05-19 16:20:48.329 [info] Got 0 sessions for read:user,repo,user:email,workflow...
2025-05-19 16:20:48.329 [info] Getting sessions for user:email...
2025-05-19 16:20:48.329 [info] Got 1 sessions for user:email...
2025-05-19 16:20:48.785 [info] Getting sessions for all scopes...
2025-05-19 16:20:48.785 [info] Got 1 sessions for ...
2025-05-19 16:20:48.786 [info] Getting sessions for read:user,repo,user:email,workflow...
2025-05-19 16:20:48.786 [info] Got 0 sessions for read:user,repo,user:email,workflow...
2025-05-19 16:20:48.786 [info] Getting sessions for user:email...
2025-05-19 16:20:48.786 [info] Got 1 sessions for user:email...
2025-05-19 16:21:33.157 [info] Getting sessions for user:email...
2025-05-19 16:21:33.158 [info] Got 1 sessions for user:email...
2025-05-19 16:21:38.075 [info] Getting sessions for user:email...
2025-05-19 16:21:38.075 [info] Got 1 sessions for user:email...
2025-05-19 16:35:48.789 [info] Getting sessions for all scopes...
2025-05-19 16:35:48.789 [info] Got 1 sessions for ...
2025-05-19 16:35:48.790 [info] Getting sessions for read:user,repo,user:email,workflow...
2025-05-19 16:35:48.790 [info] Got 0 sessions for read:user,repo,user:email,workflow...
2025-05-19 16:35:48.791 [info] Getting sessions for user:email...
2025-05-19 16:35:48.791 [info] Got 1 sessions for user:email...
2025-05-19 16:50:48.796 [info] Getting sessions for all scopes...
2025-05-19 16:50:48.796 [info] Got 1 sessions for ...
2025-05-19 16:50:48.797 [info] Getting sessions for read:user,repo,user:email,workflow...
2025-05-19 16:50:48.797 [info] Got 0 sessions for read:user,repo,user:email,workflow...
2025-05-19 16:50:48.798 [info] Getting sessions for user:email...
2025-05-19 16:50:48.798 [info] Got 1 sessions for user:email...
2025-05-19 16:50:48.799 [info] Getting sessions for all scopes...
2025-05-19 16:50:48.799 [info] Got 1 sessions for ...
2025-05-19 16:50:48.800 [info] Getting sessions for read:user,repo,user:email,workflow...
2025-05-19 16:50:48.800 [info] Got 0 sessions for read:user,repo,user:email,workflow...
2025-05-19 16:50:48.800 [info] Getting sessions for user:email...
2025-05-19 16:50:48.800 [info] Got 1 sessions for user:email...
2025-05-19 16:50:49.624 [info] Getting sessions for all scopes...
2025-05-19 16:50:49.624 [info] Got 1 sessions for ...
2025-05-19 16:50:49.624 [info] Getting sessions for all scopes...
2025-05-19 16:50:49.624 [info] Got 1 sessions for ...
2025-05-19 16:50:49.625 [info] Getting sessions for read:user,repo,user:email,workflow...
2025-05-19 16:50:49.625 [info] Got 0 sessions for read:user,repo,user:email,workflow...
2025-05-19 16:50:49.625 [info] Getting sessions for user:email...
2025-05-19 16:50:49.625 [info] Got 1 sessions for user:email...
2025-05-19 16:50:49.625 [info] Getting sessions for read:user,repo,user:email,workflow...
2025-05-19 16:50:49.625 [info] Got 0 sessions for read:user,repo,user:email,workflow...
2025-05-19 16:50:49.626 [info] Getting sessions for all scopes...
2025-05-19 16:50:49.626 [info] Got 1 sessions for ...
2025-05-19 16:50:49.627 [info] Getting sessions for read:user,repo,user:email,workflow...
2025-05-19 16:50:49.627 [info] Got 0 sessions for read:user,repo,user:email,workflow...
2025-05-19 16:50:49.627 [info] Getting sessions for user:email...
2025-05-19 16:50:49.627 [info] Got 1 sessions for user:email...
2025-05-19 16:50:49.630 [info] Getting sessions for all scopes...
2025-05-19 16:50:49.630 [info] Got 1 sessions for ...
2025-05-19 16:50:49.630 [info] Getting sessions for all scopes...
2025-05-19 16:50:49.630 [info] Got 1 sessions for ...
2025-05-19 16:50:49.631 [info] Getting sessions for read:user,repo,user:email,workflow...
2025-05-19 16:50:49.631 [info] Got 0 sessions for read:user,repo,user:email,workflow...
2025-05-19 16:50:49.632 [info] Getting sessions for user:email...
2025-05-19 16:50:49.632 [info] Got 1 sessions for user:email...
2025-05-19 16:50:49.632 [info] Getting sessions for read:user,repo,user:email,workflow...
2025-05-19 16:50:49.632 [info] Got 0 sessions for read:user,repo,user:email,workflow...
2025-05-19 16:50:49.634 [info] Getting sessions for all scopes...
2025-05-19 16:50:49.634 [info] Got 1 sessions for ...
2025-05-19 16:50:49.634 [info] Getting sessions for read:user,repo,user:email,workflow...
2025-05-19 16:50:49.634 [info] Got 0 sessions for read:user,repo,user:email,workflow...
2025-05-19 16:50:49.635 [info] Getting sessions for user:email...
2025-05-19 16:50:49.635 [info] Got 1 sessions for user:email...
2025-05-19 17:05:49.634 [info] Getting sessions for all scopes...
2025-05-19 17:05:49.634 [info] Got 1 sessions for ...
2025-05-19 17:05:49.636 [info] Getting sessions for read:user,repo,user:email,workflow...
2025-05-19 17:05:49.636 [info] Got 0 sessions for read:user,repo,user:email,workflow...
2025-05-19 17:05:49.637 [info] Getting sessions for user:email...
2025-05-19 17:05:49.637 [info] Got 1 sessions for user:email...
2025-05-19 17:20:49.640 [info] Getting sessions for all scopes...
2025-05-19 17:20:49.640 [info] Got 1 sessions for ...
2025-05-19 17:20:49.642 [info] Getting sessions for read:user,repo,user:email,workflow...
2025-05-19 17:20:49.642 [info] Got 0 sessions for read:user,repo,user:email,workflow...
2025-05-19 17:20:49.643 [info] Getting sessions for user:email...
2025-05-19 17:20:49.643 [info] Got 1 sessions for user:email...
2025-05-19 17:20:49.644 [info] Getting sessions for all scopes...
2025-05-19 17:20:49.644 [info] Got 1 sessions for ...
2025-05-19 17:20:49.645 [info] Getting sessions for read:user,repo,user:email,workflow...
2025-05-19 17:20:49.645 [info] Got 0 sessions for read:user,repo,user:email,workflow...
2025-05-19 17:20:49.645 [info] Getting sessions for user:email...
2025-05-19 17:20:49.645 [info] Got 1 sessions for user:email...
2025-05-19 17:20:50.537 [info] Getting sessions for all scopes...
2025-05-19 17:20:50.537 [info] Got 1 sessions for ...
2025-05-19 17:20:50.537 [info] Getting sessions for all scopes...
2025-05-19 17:20:50.537 [info] Got 1 sessions for ...
2025-05-19 17:20:50.538 [info] Getting sessions for read:user,repo,user:email,workflow...
2025-05-19 17:20:50.538 [info] Got 0 sessions for read:user,repo,user:email,workflow...
2025-05-19 17:20:50.539 [info] Getting sessions for user:email...
2025-05-19 17:20:50.539 [info] Got 1 sessions for user:email...
2025-05-19 17:20:50.539 [info] Getting sessions for read:user,repo,user:email,workflow...
2025-05-19 17:20:50.539 [info] Got 0 sessions for read:user,repo,user:email,workflow...
2025-05-19 17:20:50.540 [info] Getting sessions for all scopes...
2025-05-19 17:20:50.540 [info] Got 1 sessions for ...
2025-05-19 17:20:50.541 [info] Getting sessions for read:user,repo,user:email,workflow...
2025-05-19 17:20:50.541 [info] Got 0 sessions for read:user,repo,user:email,workflow...
2025-05-19 17:20:50.541 [info] Getting sessions for user:email...
2025-05-19 17:20:50.541 [info] Got 1 sessions for user:email...
2025-05-19 17:20:50.543 [info] Getting sessions for all scopes...
2025-05-19 17:20:50.543 [info] Got 1 sessions for ...
2025-05-19 17:20:50.543 [info] Getting sessions for all scopes...
2025-05-19 17:20:50.543 [info] Got 1 sessions for ...
2025-05-19 17:20:50.544 [info] Getting sessions for read:user,repo,user:email,workflow...
2025-05-19 17:20:50.544 [info] Got 0 sessions for read:user,repo,user:email,workflow...
2025-05-19 17:20:50.544 [info] Getting sessions for user:email...
2025-05-19 17:20:50.544 [info] Got 1 sessions for user:email...
2025-05-19 17:20:50.545 [info] Getting sessions for read:user,repo,user:email,workflow...
2025-05-19 17:20:50.545 [info] Got 0 sessions for read:user,repo,user:email,workflow...
2025-05-19 17:20:50.547 [info] Getting sessions for all scopes...
2025-05-19 17:20:50.547 [info] Got 1 sessions for ...
2025-05-19 17:20:50.547 [info] Getting sessions for read:user,repo,user:email,workflow...
2025-05-19 17:20:50.547 [info] Got 0 sessions for read:user,repo,user:email,workflow...
2025-05-19 17:20:50.548 [info] Getting sessions for user:email...
2025-05-19 17:20:50.548 [info] Got 1 sessions for user:email...
2025-05-19 17:58:25.964 [info] Getting sessions for all scopes...
2025-05-19 17:58:25.964 [info] Got 1 sessions for ...
2025-05-19 17:58:25.965 [info] Getting sessions for read:user,repo,user:email,workflow...
2025-05-19 17:58:25.965 [info] Got 0 sessions for read:user,repo,user:email,workflow...
2025-05-19 17:58:25.965 [info] Getting sessions for user:email...
2025-05-19 17:58:25.966 [info] Got 1 sessions for user:email...
2025-05-19 17:58:25.966 [info] Getting sessions for all scopes...
2025-05-19 17:58:25.966 [info] Got 1 sessions for ...
2025-05-19 17:58:25.967 [info] Getting sessions for read:user,repo,user:email,workflow...
2025-05-19 17:58:25.967 [info] Got 0 sessions for read:user,repo,user:email,workflow...
2025-05-19 17:58:25.967 [info] Getting sessions for user:email...
2025-05-19 17:58:25.967 [info] Got 1 sessions for user:email...
2025-05-19 17:58:27.598 [info] Getting sessions for all scopes...
2025-05-19 17:58:27.598 [info] Got 1 sessions for ...
2025-05-19 17:58:27.599 [info] Getting sessions for all scopes...
2025-05-19 17:58:27.599 [info] Got 1 sessions for ...
2025-05-19 17:58:27.599 [info] Getting sessions for read:user,repo,user:email,workflow...
2025-05-19 17:58:27.599 [info] Got 0 sessions for read:user,repo,user:email,workflow...
2025-05-19 17:58:27.600 [info] Getting sessions for user:email...
2025-05-19 17:58:27.600 [info] Got 1 sessions for user:email...
2025-05-19 17:58:27.600 [info] Getting sessions for read:user,repo,user:email,workflow...
2025-05-19 17:58:27.600 [info] Got 0 sessions for read:user,repo,user:email,workflow...
2025-05-19 17:58:27.601 [info] Getting sessions for all scopes...
2025-05-19 17:58:27.601 [info] Got 1 sessions for ...
2025-05-19 17:58:27.601 [info] Getting sessions for read:user,repo,user:email,workflow...
2025-05-19 17:58:27.601 [info] Got 0 sessions for read:user,repo,user:email,workflow...
2025-05-19 17:58:27.602 [info] Getting sessions for user:email...
2025-05-19 17:58:27.602 [info] Got 1 sessions for user:email...
2025-05-19 17:58:27.604 [info] Getting sessions for all scopes...
2025-05-19 17:58:27.604 [info] Got 1 sessions for ...
2025-05-19 17:58:27.604 [info] Getting sessions for all scopes...
2025-05-19 17:58:27.604 [info] Got 1 sessions for ...
2025-05-19 17:58:27.604 [info] Getting sessions for read:user,repo,user:email,workflow...
2025-05-19 17:58:27.604 [info] Got 0 sessions for read:user,repo,user:email,workflow...
2025-05-19 17:58:27.604 [info] Getting sessions for user:email...
2025-05-19 17:58:27.604 [info] Got 1 sessions for user:email...
2025-05-19 17:58:27.604 [info] Getting sessions for read:user,repo,user:email,workflow...
2025-05-19 17:58:27.604 [info] Got 0 sessions for read:user,repo,user:email,workflow...
2025-05-19 17:58:27.606 [info] Getting sessions for all scopes...
2025-05-19 17:58:27.606 [info] Got 1 sessions for ...
2025-05-19 17:58:27.606 [info] Getting sessions for read:user,repo,user:email,workflow...
2025-05-19 17:58:27.606 [info] Got 0 sessions for read:user,repo,user:email,workflow...
2025-05-19 17:58:27.606 [info] Getting sessions for user:email...
2025-05-19 17:58:27.606 [info] Got 1 sessions for user:email...
2025-05-19 18:13:27.608 [info] Getting sessions for all scopes...
2025-05-19 18:13:27.608 [info] Got 1 sessions for ...
2025-05-19 18:13:27.609 [info] Getting sessions for read:user,repo,user:email,workflow...
2025-05-19 18:13:27.609 [info] Got 0 sessions for read:user,repo,user:email,workflow...
2025-05-19 18:13:27.610 [info] Getting sessions for user:email...
2025-05-19 18:13:27.610 [info] Got 1 sessions for user:email...
2025-05-19 18:28:27.613 [info] Getting sessions for all scopes...
2025-05-19 18:28:27.613 [info] Got 1 sessions for ...
2025-05-19 18:28:27.614 [info] Getting sessions for read:user,repo,user:email,workflow...
2025-05-19 18:28:27.614 [info] Got 0 sessions for read:user,repo,user:email,workflow...
2025-05-19 18:28:27.615 [info] Getting sessions for user:email...
2025-05-19 18:28:27.615 [info] Got 1 sessions for user:email...
2025-05-19 18:28:27.615 [info] Getting sessions for all scopes...
2025-05-19 18:28:27.615 [info] Got 1 sessions for ...
2025-05-19 18:28:27.615 [info] Getting sessions for read:user,repo,user:email,workflow...
2025-05-19 18:28:27.615 [info] Got 0 sessions for read:user,repo,user:email,workflow...
2025-05-19 18:28:27.616 [info] Getting sessions for user:email...
2025-05-19 18:28:27.616 [info] Got 1 sessions for user:email...
2025-05-19 18:28:28.539 [info] Getting sessions for all scopes...
2025-05-19 18:28:28.539 [info] Got 1 sessions for ...
2025-05-19 18:28:28.539 [info] Getting sessions for all scopes...
2025-05-19 18:28:28.539 [info] Got 1 sessions for ...
2025-05-19 18:28:28.540 [info] Getting sessions for read:user,repo,user:email,workflow...
2025-05-19 18:28:28.540 [info] Got 0 sessions for read:user,repo,user:email,workflow...
2025-05-19 18:28:28.541 [info] Getting sessions for user:email...
2025-05-19 18:28:28.541 [info] Got 1 sessions for user:email...
2025-05-19 18:28:28.541 [info] Getting sessions for read:user,repo,user:email,workflow...
2025-05-19 18:28:28.541 [info] Got 0 sessions for read:user,repo,user:email,workflow...
2025-05-19 18:28:28.542 [info] Getting sessions for all scopes...
2025-05-19 18:28:28.542 [info] Got 1 sessions for ...
2025-05-19 18:28:28.542 [info] Getting sessions for read:user,repo,user:email,workflow...
2025-05-19 18:28:28.542 [info] Got 0 sessions for read:user,repo,user:email,workflow...
2025-05-19 18:28:28.543 [info] Getting sessions for user:email...
2025-05-19 18:28:28.543 [info] Got 1 sessions for user:email...
2025-05-19 18:28:28.545 [info] Getting sessions for all scopes...
2025-05-19 18:28:28.545 [info] Got 1 sessions for ...
2025-05-19 18:28:28.545 [info] Getting sessions for all scopes...
2025-05-19 18:28:28.545 [info] Got 1 sessions for ...
2025-05-19 18:28:28.545 [info] Getting sessions for read:user,repo,user:email,workflow...
2025-05-19 18:28:28.545 [info] Got 0 sessions for read:user,repo,user:email,workflow...
2025-05-19 18:28:28.546 [info] Getting sessions for user:email...
2025-05-19 18:28:28.546 [info] Got 1 sessions for user:email...
2025-05-19 18:28:28.546 [info] Getting sessions for read:user,repo,user:email,workflow...
2025-05-19 18:28:28.546 [info] Got 0 sessions for read:user,repo,user:email,workflow...
2025-05-19 18:28:28.547 [info] Getting sessions for all scopes...
2025-05-19 18:28:28.547 [info] Got 1 sessions for ...
2025-05-19 18:28:28.548 [info] Getting sessions for read:user,repo,user:email,workflow...
2025-05-19 18:28:28.548 [info] Got 0 sessions for read:user,repo,user:email,workflow...
2025-05-19 18:28:28.548 [info] Getting sessions for user:email...
2025-05-19 18:28:28.548 [info] Got 1 sessions for user:email...
2025-05-19 18:43:28.550 [info] Getting sessions for all scopes...
2025-05-19 18:43:28.550 [info] Got 1 sessions for ...
2025-05-19 18:43:28.552 [info] Getting sessions for read:user,repo,user:email,workflow...
2025-05-19 18:43:28.552 [info] Got 0 sessions for read:user,repo,user:email,workflow...
2025-05-19 18:43:28.553 [info] Getting sessions for user:email...
2025-05-19 18:43:28.553 [info] Got 1 sessions for user:email...
2025-05-19 18:58:28.556 [info] Getting sessions for all scopes...
2025-05-19 18:58:28.556 [info] Got 1 sessions for ...
2025-05-19 18:58:28.557 [info] Getting sessions for read:user,repo,user:email,workflow...
2025-05-19 18:58:28.557 [info] Got 0 sessions for read:user,repo,user:email,workflow...
2025-05-19 18:58:28.558 [info] Getting sessions for user:email...
2025-05-19 18:58:28.558 [info] Got 1 sessions for user:email...
2025-05-19 18:58:28.559 [info] Getting sessions for all scopes...
2025-05-19 18:58:28.559 [info] Got 1 sessions for ...
2025-05-19 18:58:28.560 [info] Getting sessions for read:user,repo,user:email,workflow...
2025-05-19 18:58:28.560 [info] Got 0 sessions for read:user,repo,user:email,workflow...
2025-05-19 18:58:28.561 [info] Getting sessions for user:email...
2025-05-19 18:58:28.561 [info] Got 1 sessions for user:email...
2025-05-19 18:58:29.398 [info] Getting sessions for all scopes...
2025-05-19 18:58:29.398 [info] Got 1 sessions for ...
2025-05-19 18:58:29.398 [info] Getting sessions for all scopes...
2025-05-19 18:58:29.398 [info] Got 1 sessions for ...
2025-05-19 18:58:29.399 [info] Getting sessions for read:user,repo,user:email,workflow...
2025-05-19 18:58:29.399 [info] Got 0 sessions for read:user,repo,user:email,workflow...
2025-05-19 18:58:29.399 [info] Getting sessions for user:email...
2025-05-19 18:58:29.399 [info] Got 1 sessions for user:email...
2025-05-19 18:58:29.399 [info] Getting sessions for read:user,repo,user:email,workflow...
2025-05-19 18:58:29.399 [info] Got 0 sessions for read:user,repo,user:email,workflow...
2025-05-19 18:58:29.400 [info] Getting sessions for all scopes...
2025-05-19 18:58:29.400 [info] Got 1 sessions for ...
2025-05-19 18:58:29.401 [info] Getting sessions for read:user,repo,user:email,workflow...
2025-05-19 18:58:29.401 [info] Got 0 sessions for read:user,repo,user:email,workflow...
2025-05-19 18:58:29.401 [info] Getting sessions for user:email...
2025-05-19 18:58:29.401 [info] Got 1 sessions for user:email...
2025-05-19 18:58:29.403 [info] Getting sessions for all scopes...
2025-05-19 18:58:29.403 [info] Got 1 sessions for ...
2025-05-19 18:58:29.403 [info] Getting sessions for all scopes...
2025-05-19 18:58:29.403 [info] Got 1 sessions for ...
2025-05-19 18:58:29.404 [info] Getting sessions for read:user,repo,user:email,workflow...
2025-05-19 18:58:29.404 [info] Got 0 sessions for read:user,repo,user:email,workflow...
2025-05-19 18:58:29.404 [info] Getting sessions for user:email...
2025-05-19 18:58:29.404 [info] Got 1 sessions for user:email...
2025-05-19 18:58:29.404 [info] Getting sessions for read:user,repo,user:email,workflow...
2025-05-19 18:58:29.404 [info] Got 0 sessions for read:user,repo,user:email,workflow...
2025-05-19 18:58:29.407 [info] Getting sessions for all scopes...
2025-05-19 18:58:29.407 [info] Got 1 sessions for ...
2025-05-19 18:58:29.408 [info] Getting sessions for read:user,repo,user:email,workflow...
2025-05-19 18:58:29.408 [info] Got 0 sessions for read:user,repo,user:email,workflow...
2025-05-19 18:58:29.409 [info] Getting sessions for user:email...
2025-05-19 18:58:29.409 [info] Got 1 sessions for user:email...
2025-05-19 19:13:29.410 [info] Getting sessions for all scopes...
2025-05-19 19:13:29.410 [info] Got 1 sessions for ...
2025-05-19 19:13:29.411 [info] Getting sessions for read:user,repo,user:email,workflow...
2025-05-19 19:13:29.411 [info] Got 0 sessions for read:user,repo,user:email,workflow...
2025-05-19 19:13:29.412 [info] Getting sessions for user:email...
2025-05-19 19:13:29.412 [info] Got 1 sessions for user:email...
2025-05-19 19:28:29.417 [info] Getting sessions for all scopes...
2025-05-19 19:28:29.417 [info] Got 1 sessions for ...
2025-05-19 19:28:29.418 [info] Getting sessions for read:user,repo,user:email,workflow...
2025-05-19 19:28:29.418 [info] Got 0 sessions for read:user,repo,user:email,workflow...
2025-05-19 19:28:29.419 [info] Getting sessions for user:email...
2025-05-19 19:28:29.419 [info] Got 1 sessions for user:email...
2025-05-19 19:28:29.420 [info] Getting sessions for all scopes...
2025-05-19 19:28:29.420 [info] Got 1 sessions for ...
2025-05-19 19:28:29.420 [info] Getting sessions for read:user,repo,user:email,workflow...
2025-05-19 19:28:29.420 [info] Got 0 sessions for read:user,repo,user:email,workflow...
2025-05-19 19:28:29.421 [info] Getting sessions for user:email...
2025-05-19 19:28:29.421 [info] Got 1 sessions for user:email...
2025-05-19 19:28:30.179 [info] Getting sessions for all scopes...
2025-05-19 19:28:30.179 [info] Got 1 sessions for ...
2025-05-19 19:28:30.179 [info] Getting sessions for all scopes...
2025-05-19 19:28:30.179 [info] Got 1 sessions for ...
2025-05-19 19:28:30.180 [info] Getting sessions for read:user,repo,user:email,workflow...
2025-05-19 19:28:30.180 [info] Got 0 sessions for read:user,repo,user:email,workflow...
2025-05-19 19:28:30.181 [info] Getting sessions for user:email...
2025-05-19 19:28:30.181 [info] Got 1 sessions for user:email...
2025-05-19 19:28:30.181 [info] Getting sessions for read:user,repo,user:email,workflow...
2025-05-19 19:28:30.181 [info] Got 0 sessions for read:user,repo,user:email,workflow...
2025-05-19 19:28:30.182 [info] Getting sessions for all scopes...
2025-05-19 19:28:30.182 [info] Got 1 sessions for ...
2025-05-19 19:28:30.182 [info] Getting sessions for read:user,repo,user:email,workflow...
2025-05-19 19:28:30.183 [info] Got 0 sessions for read:user,repo,user:email,workflow...
2025-05-19 19:28:30.183 [info] Getting sessions for user:email...
2025-05-19 19:28:30.183 [info] Got 1 sessions for user:email...
2025-05-19 19:28:30.185 [info] Getting sessions for all scopes...
2025-05-19 19:28:30.185 [info] Got 1 sessions for ...
2025-05-19 19:28:30.185 [info] Getting sessions for all scopes...
2025-05-19 19:28:30.185 [info] Got 1 sessions for ...
2025-05-19 19:28:30.185 [info] Getting sessions for read:user,repo,user:email,workflow...
2025-05-19 19:28:30.185 [info] Got 0 sessions for read:user,repo,user:email,workflow...
2025-05-19 19:28:30.186 [info] Getting sessions for user:email...
2025-05-19 19:28:30.186 [info] Got 1 sessions for user:email...
2025-05-19 19:28:30.186 [info] Getting sessions for read:user,repo,user:email,workflow...
2025-05-19 19:28:30.186 [info] Got 0 sessions for read:user,repo,user:email,workflow...
2025-05-19 19:28:30.188 [info] Getting sessions for all scopes...
2025-05-19 19:28:30.188 [info] Got 1 sessions for ...
2025-05-19 19:28:30.188 [info] Getting sessions for read:user,repo,user:email,workflow...
2025-05-19 19:28:30.188 [info] Got 0 sessions for read:user,repo,user:email,workflow...
2025-05-19 19:28:30.189 [info] Getting sessions for user:email...
2025-05-19 19:28:30.189 [info] Got 1 sessions for user:email...
2025-05-19 19:43:30.192 [info] Getting sessions for all scopes...
2025-05-19 19:43:30.192 [info] Got 1 sessions for ...
2025-05-19 19:43:30.193 [info] Getting sessions for read:user,repo,user:email,workflow...
2025-05-19 19:43:30.193 [info] Got 0 sessions for read:user,repo,user:email,workflow...
2025-05-19 19:43:30.193 [info] Getting sessions for user:email...
2025-05-19 19:43:30.193 [info] Got 1 sessions for user:email...
2025-05-19 20:44:55.038 [info] Getting sessions for all scopes...
2025-05-19 20:44:55.038 [info] Got 1 sessions for ...
2025-05-19 20:44:55.039 [info] Getting sessions for read:user,repo,user:email,workflow...
2025-05-19 20:44:55.039 [info] Got 0 sessions for read:user,repo,user:email,workflow...
2025-05-19 20:44:55.040 [info] Getting sessions for user:email...
2025-05-19 20:44:55.040 [info] Got 1 sessions for user:email...
2025-05-19 20:44:55.041 [info] Getting sessions for all scopes...
2025-05-19 20:44:55.041 [info] Got 1 sessions for ...
2025-05-19 20:44:55.041 [info] Getting sessions for read:user,repo,user:email,workflow...
2025-05-19 20:44:55.041 [info] Got 0 sessions for read:user,repo,user:email,workflow...
2025-05-19 20:44:55.042 [info] Getting sessions for user:email...
2025-05-19 20:44:55.042 [info] Got 1 sessions for user:email...
2025-05-19 20:44:55.968 [info] Getting sessions for all scopes...
2025-05-19 20:44:55.968 [info] Got 1 sessions for ...
2025-05-19 20:44:55.968 [info] Getting sessions for all scopes...
2025-05-19 20:44:55.968 [info] Got 1 sessions for ...
2025-05-19 20:44:55.969 [info] Getting sessions for read:user,repo,user:email,workflow...
2025-05-19 20:44:55.969 [info] Got 0 sessions for read:user,repo,user:email,workflow...
2025-05-19 20:44:55.970 [info] Getting sessions for user:email...
2025-05-19 20:44:55.970 [info] Got 1 sessions for user:email...
2025-05-19 20:44:55.971 [info] Getting sessions for read:user,repo,user:email,workflow...
2025-05-19 20:44:55.971 [info] Got 0 sessions for read:user,repo,user:email,workflow...
2025-05-19 20:44:55.972 [info] Getting sessions for all scopes...
2025-05-19 20:44:55.972 [info] Got 1 sessions for ...
2025-05-19 20:44:55.972 [info] Getting sessions for read:user,repo,user:email,workflow...
2025-05-19 20:44:55.972 [info] Got 0 sessions for read:user,repo,user:email,workflow...
2025-05-19 20:44:55.973 [info] Getting sessions for user:email...
2025-05-19 20:44:55.973 [info] Got 1 sessions for user:email...
2025-05-19 20:44:55.974 [info] Getting sessions for all scopes...
2025-05-19 20:44:55.974 [info] Got 1 sessions for ...
2025-05-19 20:44:55.974 [info] Getting sessions for all scopes...
2025-05-19 20:44:55.974 [info] Got 1 sessions for ...
2025-05-19 20:44:55.975 [info] Getting sessions for read:user,repo,user:email,workflow...
2025-05-19 20:44:55.975 [info] Got 0 sessions for read:user,repo,user:email,workflow...
2025-05-19 20:44:55.976 [info] Getting sessions for user:email...
2025-05-19 20:44:55.976 [info] Got 1 sessions for user:email...
2025-05-19 20:44:55.976 [info] Getting sessions for read:user,repo,user:email,workflow...
2025-05-19 20:44:55.976 [info] Got 0 sessions for read:user,repo,user:email,workflow...
2025-05-19 20:44:55.979 [info] Getting sessions for all scopes...
2025-05-19 20:44:55.979 [info] Got 1 sessions for ...
2025-05-19 20:44:55.979 [info] Getting sessions for read:user,repo,user:email,workflow...
2025-05-19 20:44:55.979 [info] Got 0 sessions for read:user,repo,user:email,workflow...
2025-05-19 20:44:55.980 [info] Getting sessions for user:email...
2025-05-19 20:44:55.980 [info] Got 1 sessions for user:email...
